# JRE version: OpenJDK Runtime Environment (17.0.6) (build 17.0.6+0-b2043.56-9586694)
# Java VM: OpenJDK 64-Bit Server VM (17.0.6+0-b2043.56-9586694, mixed mode, tiered, compressed oops, compressed class ptrs, g1 gc, windows-amd64)
GC Precious Log:
 CPUs: 2 total, 2 available
 Memory: 3858M
 Large Page Support: Disabled
 NUMA Support: Disabled
 Compressed Oops: Enabled (32-bit)
 Heap Region Size: 1M
 Heap Min Capacity: 8M
 Heap Initial Capacity: 62M
 Heap Max Capacity: 1536M
 Pre-touch: Disabled
 Parallel Workers: 2
 Concurrent Workers: 1
 Concurrent Refinement Workers: 2
 Periodic GC: Disabled
Heap:
 garbage-first heap   total 385024K, used 338753K [0x00000000a0000000, 0x0000000100000000)
  region size 1024K, 135 young (138240K), 1 survivors (1024K)
 Metaspace       used 158706K, committed 159616K, reserved 1196032K
  class space    used 19627K, committed 20096K, reserved 1048576K
GC Heap History (20 events):
Event: 1432.981 GC heap before
{Heap before GC invocations=222 (full 0):
 garbage-first heap   total 385024K, used 344323K [0x00000000a0000000, 0x0000000100000000)
  region size 1024K, 151 young (154624K), 2 survivors (2048K)
 Metaspace       used 157063K, committed 157888K, reserved 1187840K
  class space    used 19372K, committed 19776K, reserved 1048576K
}
Event: 1432.996 GC heap after
{Heap after GC invocations=223 (full 0):
 garbage-first heap   total 385024K, used 188225K [0x00000000a0000000, 0x0000000100000000)
  region size 1024K, 2 young (2048K), 2 survivors (2048K)
 Metaspace       used 157063K, committed 157888K, reserved 1187840K
  class space    used 19372K, committed 19776K, reserved 1048576K
}
Event: 1433.819 GC heap before
{Heap before GC invocations=223 (full 0):
 garbage-first heap   total 385024K, used 345921K [0x00000000a0000000, 0x0000000100000000)
  region size 1024K, 152 young (155648K), 2 survivors (2048K)
 Metaspace       used 157064K, committed 157888K, reserved 1187840K
  class space    used 19372K, committed 19776K, reserved 1048576K
}
Event: 1433.822 GC heap after
{Heap after GC invocations=224 (full 0):
 garbage-first heap   total 385024K, used 192248K [0x00000000a0000000, 0x0000000100000000)
  region size 1024K, 1 young (1024K), 1 survivors (1024K)
 Metaspace       used 157064K, committed 157888K, reserved 1187840K
  class space    used 19372K, committed 19776K, reserved 1048576K
}
Event: 1434.590 GC heap before
{Heap before GC invocations=224 (full 0):
 garbage-first heap   total 385024K, used 342776K [0x00000000a0000000, 0x0000000100000000)
  region size 1024K, 148 young (151552K), 1 survivors (1024K)
 Metaspace       used 157064K, committed 157888K, reserved 1187840K
  class space    used 19372K, committed 19776K, reserved 1048576K
}
Event: 1434.596 GC heap after
{Heap after GC invocations=225 (full 0):
 garbage-first heap   total 385024K, used 194062K [0x00000000a0000000, 0x0000000100000000)
  region size 1024K, 3 young (3072K), 3 survivors (3072K)
 Metaspace       used 157064K, committed 157888K, reserved 1187840K
  class space    used 19372K, committed 19776K, reserved 1048576K
}
Event: 1435.345 GC heap before
{Heap before GC invocations=225 (full 0):
 garbage-first heap   total 385024K, used 341518K [0x00000000a0000000, 0x0000000100000000)
  region size 1024K, 147 young (150528K), 3 survivors (3072K)
 Metaspace       used 157064K, committed 157888K, reserved 1187840K
  class space    used 19372K, committed 19776K, reserved 1048576K
}
Event: 1435.353 GC heap after
{Heap after GC invocations=226 (full 0):
 garbage-first heap   total 385024K, used 195928K [0x00000000a0000000, 0x0000000100000000)
  region size 1024K, 5 young (5120K), 5 survivors (5120K)
 Metaspace       used 157064K, committed 157888K, reserved 1187840K
  class space    used 19372K, committed 19776K, reserved 1048576K
}
Event: 1450.854 GC heap before
{Heap before GC invocations=226 (full 0):
 garbage-first heap   total 385024K, used 347480K [0x00000000a0000000, 0x0000000100000000)
  region size 1024K, 146 young (149504K), 5 survivors (5120K)
 Metaspace       used 158631K, committed 159552K, reserved 1196032K
  class space    used 19627K, committed 20096K, reserved 1048576K
}
Event: 1450.922 GC heap after
{Heap after GC invocations=227 (full 0):
 garbage-first heap   total 385024K, used 202552K [0x00000000a0000000, 0x0000000100000000)
  region size 1024K, 8 young (8192K), 8 survivors (8192K)
 Metaspace       used 158631K, committed 159552K, reserved 1196032K
  class space    used 19627K, committed 20096K, reserved 1048576K
}
Event: 1529.723 GC heap before
{Heap before GC invocations=227 (full 0):
 garbage-first heap   total 385024K, used 335672K [0x00000000a0000000, 0x0000000100000000)
  region size 1024K, 136 young (139264K), 8 survivors (8192K)
 Metaspace       used 158706K, committed 159616K, reserved 1196032K
  class space    used 19627K, committed 20096K, reserved 1048576K
}
Event: 1529.740 GC heap after
{Heap after GC invocations=228 (full 0):
 garbage-first heap   total 385024K, used 204600K [0x00000000a0000000, 0x0000000100000000)
  region size 1024K, 9 young (9216K), 9 survivors (9216K)
 Metaspace       used 158706K, committed 159616K, reserved 1196032K
  class space    used 19627K, committed 20096K, reserved 1048576K
}
Event: 1530.029 GC heap before
{Heap before GC invocations=228 (full 0):
 garbage-first heap   total 385024K, used 335672K [0x00000000a0000000, 0x0000000100000000)
  region size 1024K, 137 young (140288K), 9 survivors (9216K)
 Metaspace       used 158706K, committed 159616K, reserved 1196032K
  class space    used 19627K, committed 20096K, reserved 1048576K
}
Event: 1530.046 GC heap after
{Heap after GC invocations=229 (full 0):
 garbage-first heap   total 385024K, used 205112K [0x00000000a0000000, 0x0000000100000000)
  region size 1024K, 10 young (10240K), 10 survivors (10240K)
 Metaspace       used 158706K, committed 159616K, reserved 1196032K
  class space    used 19627K, committed 20096K, reserved 1048576K
}
Event: 1530.330 GC heap before
{Heap before GC invocations=229 (full 0):
 garbage-first heap   total 385024K, used 335160K [0x00000000a0000000, 0x0000000100000000)
  region size 1024K, 137 young (140288K), 10 survivors (10240K)
 Metaspace       used 158706K, committed 159616K, reserved 1196032K
  class space    used 19627K, committed 20096K, reserved 1048576K
}
Event: 1530.386 GC heap after
{Heap after GC invocations=230 (full 0):
 garbage-first heap   total 385024K, used 206145K [0x00000000a0000000, 0x0000000100000000)
  region size 1024K, 4 young (4096K), 4 survivors (4096K)
 Metaspace       used 158706K, committed 159616K, reserved 1196032K
  class space    used 19627K, committed 20096K, reserved 1048576K
}
Event: 1530.676 GC heap before
{Heap before GC invocations=230 (full 0):
 garbage-first heap   total 385024K, used 337217K [0x00000000a0000000, 0x0000000100000000)
  region size 1024K, 132 young (135168K), 4 survivors (4096K)
 Metaspace       used 158706K, committed 159616K, reserved 1196032K
  class space    used 19627K, committed 20096K, reserved 1048576K
}
Event: 1530.685 GC heap after
{Heap after GC invocations=231 (full 0):
 garbage-first heap   total 385024K, used 207521K [0x00000000a0000000, 0x0000000100000000)
  region size 1024K, 5 young (5120K), 5 survivors (5120K)
 Metaspace       used 158706K, committed 159616K, reserved 1196032K
  class space    used 19627K, committed 20096K, reserved 1048576K
}
Event: 1531.067 GC heap before
{Heap before GC invocations=231 (full 0):
 garbage-first heap   total 385024K, used 338593K [0x00000000a0000000, 0x0000000100000000)
  region size 1024K, 133 young (136192K), 5 survivors (5120K)
 Metaspace       used 158706K, committed 159616K, reserved 1196032K
  class space    used 19627K, committed 20096K, reserved 1048576K
}
Event: 1531.107 GC heap after
{Heap after GC invocations=232 (full 0):
 garbage-first heap   total 385024K, used 202561K [0x00000000a0000000, 0x0000000100000000)
  region size 1024K, 1 young (1024K), 1 survivors (1024K)
 Metaspace       used 158706K, committed 159616K, reserved 1196032K
  class space    used 19627K, committed 20096K, reserved 1048576K
}

